<?xml version="1.0" encoding="UTF-8"?>
<testsuite xmlns:xsi="http://www.w3.org/2001/XMLSchema-instance" xsi:noNamespaceSchemaLocation="https://maven.apache.org/surefire/maven-surefire-plugin/xsd/surefire-test-report-3.0.xsd" version="3.0" name="org.example.room.MultiBedRoomTest" time="0.013" tests="11" errors="0" skipped="0" failures="0">
  <properties>
    <property name="java.specification.version" value="21"/>
    <property name="sun.cpu.isalist" value="amd64"/>
    <property name="sun.jnu.encoding" value="Cp1251"/>
    <property name="java.class.path" value="C:\Users\Alexandr\Desktop\oop2024\3\hotel\target\test-classes;C:\Users\Alexandr\Desktop\oop2024\3\hotel\target\classes;C:\Users\Alexandr\.m2\repository\org\junit\jupiter\junit-jupiter-api\5.7.1\junit-jupiter-api-5.7.1.jar;C:\Users\Alexandr\.m2\repository\org\apiguardian\apiguardian-api\1.1.0\apiguardian-api-1.1.0.jar;C:\Users\Alexandr\.m2\repository\org\opentest4j\opentest4j\1.2.0\opentest4j-1.2.0.jar;C:\Users\Alexandr\.m2\repository\org\junit\platform\junit-platform-commons\1.7.1\junit-platform-commons-1.7.1.jar;C:\Users\Alexandr\.m2\repository\org\junit\jupiter\junit-jupiter-engine\5.7.1\junit-jupiter-engine-5.7.1.jar;C:\Users\Alexandr\.m2\repository\org\junit\platform\junit-platform-engine\1.7.1\junit-platform-engine-1.7.1.jar;C:\Users\Alexandr\.m2\repository\org\jacoco\org.jacoco.agent\0.8.7\org.jacoco.agent-0.8.7.jar;"/>
    <property name="java.vm.vendor" value="Eclipse Adoptium"/>
    <property name="sun.arch.data.model" value="64"/>
    <property name="user.variant" value=""/>
    <property name="java.vendor.url" value="https://adoptium.net/"/>
    <property name="user.timezone" value="Europe/Moscow"/>
    <property name="os.name" value="Windows 10"/>
    <property name="java.vm.specification.version" value="21"/>
    <property name="sun.java.launcher" value="SUN_STANDARD"/>
    <property name="user.country" value="RU"/>
    <property name="sun.boot.library.path" value="C:\Users\Alexandr\.jdks\temurin-21.0.4\bin"/>
    <property name="sun.java.command" value="C:\Users\Alexandr\AppData\Local\Temp\surefire4358874200374500398\surefirebooter14321650404100769543.jar C:\Users\Alexandr\AppData\Local\Temp\surefire4358874200374500398 2024-12-15T20-37-52_331-jvmRun1 surefire4546986922274006403tmp surefire_08356438675003962751tmp"/>
    <property name="jdk.debug" value="release"/>
    <property name="surefire.test.class.path" value="C:\Users\Alexandr\Desktop\oop2024\3\hotel\target\test-classes;C:\Users\Alexandr\Desktop\oop2024\3\hotel\target\classes;C:\Users\Alexandr\.m2\repository\org\junit\jupiter\junit-jupiter-api\5.7.1\junit-jupiter-api-5.7.1.jar;C:\Users\Alexandr\.m2\repository\org\apiguardian\apiguardian-api\1.1.0\apiguardian-api-1.1.0.jar;C:\Users\Alexandr\.m2\repository\org\opentest4j\opentest4j\1.2.0\opentest4j-1.2.0.jar;C:\Users\Alexandr\.m2\repository\org\junit\platform\junit-platform-commons\1.7.1\junit-platform-commons-1.7.1.jar;C:\Users\Alexandr\.m2\repository\org\junit\jupiter\junit-jupiter-engine\5.7.1\junit-jupiter-engine-5.7.1.jar;C:\Users\Alexandr\.m2\repository\org\junit\platform\junit-platform-engine\1.7.1\junit-platform-engine-1.7.1.jar;C:\Users\Alexandr\.m2\repository\org\jacoco\org.jacoco.agent\0.8.7\org.jacoco.agent-0.8.7.jar;"/>
    <property name="sun.cpu.endian" value="little"/>
    <property name="user.home" value="C:\Users\Alexandr"/>
    <property name="user.language" value="ru"/>
    <property name="java.specification.vendor" value="Oracle Corporation"/>
    <property name="java.version.date" value="2024-07-16"/>
    <property name="java.home" value="C:\Users\Alexandr\.jdks\temurin-21.0.4"/>
    <property name="file.separator" value="\"/>
    <property name="basedir" value="C:\Users\Alexandr\Desktop\oop2024\3\hotel"/>
    <property name="java.vm.compressedOopsMode" value="Zero based"/>
    <property name="line.separator" value="&#10;"/>
    <property name="java.vm.specification.vendor" value="Oracle Corporation"/>
    <property name="java.specification.name" value="Java Platform API Specification"/>
    <property name="surefire.real.class.path" value="C:\Users\Alexandr\AppData\Local\Temp\surefire4358874200374500398\surefirebooter14321650404100769543.jar"/>
    <property name="user.script" value=""/>
    <property name="sun.management.compiler" value="HotSpot 64-Bit Tiered Compilers"/>
    <property name="java.runtime.version" value="21.0.4+7-LTS"/>
    <property name="user.name" value="Alexandr"/>
    <property name="stdout.encoding" value="Cp1251"/>
    <property name="path.separator" value=";"/>
    <property name="os.version" value="10.0"/>
    <property name="java.runtime.name" value="OpenJDK Runtime Environment"/>
    <property name="file.encoding" value="UTF-8"/>
    <property name="java.vm.name" value="OpenJDK 64-Bit Server VM"/>
    <property name="java.vendor.version" value="Temurin-21.0.4+7"/>
    <property name="localRepository" value="C:\Users\Alexandr\.m2\repository"/>
    <property name="java.vendor.url.bug" value="https://github.com/adoptium/adoptium-support/issues"/>
    <property name="java.io.tmpdir" value="C:\Users\Alexandr\AppData\Local\Temp\"/>
    <property name="java.version" value="21.0.4"/>
    <property name="user.dir" value="C:\Users\Alexandr\Desktop\oop2024\3\hotel"/>
    <property name="os.arch" value="amd64"/>
    <property name="java.vm.specification.name" value="Java Virtual Machine Specification"/>
    <property name="sun.os.patch.level" value=""/>
    <property name="native.encoding" value="Cp1251"/>
    <property name="java.library.path" value="C:\Users\Alexandr\.jdks\temurin-21.0.4\bin;C:\Windows\Sun\Java\bin;C:\Windows\system32;C:\Windows;C:\Program Files (x86)\Common Files\Oracle\Java\javapath;C:\Windows\system32;C:\Windows;C:\Windows\System32\Wbem;C:\Windows\System32\WindowsPowerShell\v1.0\;C:\Windows\System32\OpenSSH\;C:\Program Files\NVIDIA Corporation\NVIDIA NvDLISR;C:\Program Files (x86)\NVIDIA Corporation\PhysX\Common;C:\Program Files\CMake\bin;C:\Program Files\Docker\Docker\resources\bin;C:\Program Files\Git\cmd;C:\Mingw64\bin;C:\Program Files\GitHub CLI\;C:\Users\Alexandr\.jdks\temurin-21.0.4\bin;C:\Users\Alexandr\.jdks\apache-maven-3.9.9\bin;C:\Program Files\doxygen\bin;C:\Program Files\MATLAB\R2024a\runtime\win64;C:\Program Files\MATLAB\R2024a\bin;C:\Users\Alexandr\AppData\Local\Programs\Python\Python39\Scripts\;C:\Users\Alexandr\AppData\Local\Programs\Python\Python39\;C:\Users\Alexandr\AppData\Local\Microsoft\WindowsApps;C:\Users\Alexandr\AppData\Local\Programs\Microsoft VS Code\bin;C:\Users\Alexandr\AppData\Local\JetBrains\Toolbox\scripts;;."/>
    <property name="java.vm.info" value="mixed mode, sharing"/>
    <property name="stderr.encoding" value="Cp1251"/>
    <property name="java.vendor" value="Eclipse Adoptium"/>
    <property name="java.vm.version" value="21.0.4+7-LTS"/>
    <property name="sun.io.unicode.encoding" value="UnicodeLittle"/>
    <property name="java.class.version" value="65.0"/>
  </properties>
  <testcase name="testGetNumberOfGuests_EmptyRoom" classname="org.example.room.MultiBedRoomTest" time="0.001"/>
  <testcase name="testGetPrice" classname="org.example.room.MultiBedRoomTest" time="0.001"/>
  <testcase name="testMultiBedRoomConstructor_Valid" classname="org.example.room.MultiBedRoomTest" time="0.001"/>
  <testcase name="testEvictGuest_Success" classname="org.example.room.MultiBedRoomTest" time="0"/>
  <testcase name="testEvictGuest_FailWhenGuestNotFound" classname="org.example.room.MultiBedRoomTest" time="0.002"/>
  <testcase name="testGetNumberOfGuests_AfterCheckIn" classname="org.example.room.MultiBedRoomTest" time="0.001"/>
  <testcase name="testEvictGuest_AfterMultipleGuests" classname="org.example.room.MultiBedRoomTest" time="0.001"/>
  <testcase name="testCheckInGuest_FailWhenRoomIsFull" classname="org.example.room.MultiBedRoomTest" time="0.002"/>
  <testcase name="testGetRoomSize" classname="org.example.room.MultiBedRoomTest" time="0.001"/>
  <testcase name="testGetRoomType" classname="org.example.room.MultiBedRoomTest" time="0.001"/>
  <testcase name="testCheckInGuest_Success" classname="org.example.room.MultiBedRoomTest" time="0.001"/>
</testsuite>